<?xml version="1.0" encoding="UTF-8"?>
<!-- Generated by org.testng.reporters.JUnitReportReporter -->
<testsuite skipped="0" hostname="DESKTOP-62Q8IUF" name="DemotestngDemo.qsp.Demo" tests="1" failures="0" timestamp="2021-02-02T19:49:01 IST" time="0.025" errors="0">
  <testcase name="tc_1" time="0.025" classname="DemotestngDemo.qsp.Demo"/>
  <system-out/>
</testsuite> <!-- DemotestngDemo.qsp.Demo -->
