<?xml version="1.0" encoding="UTF-8"?>
<!-- Generated by org.testng.reporters.JUnitReportReporter -->
<testsuite skipped="0" hostname="DESKTOP-62Q8IUF" name="DemotestngDemo.qsp.Demo1" tests="2" failures="0" timestamp="2021-02-02T20:21:24 IST" time="70.988" errors="0">
  <testcase name="tc_1" time="51.489" classname="DemotestngDemo.qsp.Demo1"/>
  <system-out/>
  <testcase name="tc_2" time="19.499" classname="DemotestngDemo.qsp.Demo1"/>
  <system-out/>
</testsuite> <!-- DemotestngDemo.qsp.Demo1 -->
